[ 96(França) 227(Brasil) 0(El Salvador) 56(México) 140(Argentina) 218(Alemanha) 8(Alemanha Oriental) 12(Argélia) 2(Angola) 40(Chile) 0(China) 1(Bolivia) 30(Estados Unidos) 99(Espanha) 2(Egito) 19(Escócia) 23(Colômbia) 19(Camarões) 0(Canadá) 26(Dinamarca) 0(Emirados Arabes) 23(Croácia) 4(Eslovênia) 4(Eslováquia) 24(Coreia do Sul) 4(Coreia do Norte) 19(Costa Rica) 10(Costa do Marfim) 51(Bélgica) 17(Bulgária) 93(Holanda) 0(Haiti) 48(Hungria) 4(Cuba) 3(Honduras) 15(Gana) 0(Indonésia) 98(Inglaterra) 14(Irlanda do Norte) 0(Iraque) 14(Irlanda) 2(Israel) 10(Marrocos) 16(Japão) 3(Jamaica) 9(Austrália) 1(Kuwait) 13(Equador) 59(Sérvia) 29(Romênia) 50(Polônia) 18(Nigéria) 15(Peru) 31(Paraguai) 41(República Tcheca) 9(Noruega) 43(Portugal) 8(Senegal) 72(Uruguai) 1(Trinidad e Tobago) 0(Togo) 7(Ucrânia) 156(Itália) 8(Arábia Saudita) 40(Áustria) 16(Turquia) 7(Tunísia) 0(Zaire) 10(África do Sul) 39(Suíça) 61(Suécia) 6(Irã) 3(Nova Zelândia) 8(Grécia) 6(País de Gales) 59(Rússia) 3(Bósnia e Herzegovna) ]
Afeganistão raiz dir esq esq esq esq NÃO
África do Sul raiz dir dir dir dir dir esq dir dir esq NÃO
Albânia raiz dir esq esq esq esq NÃO
Alemanha raiz dir esq esq esq esq NÃO
Andorra raiz dir esq esq dir esq esq NÃO
Angola raiz dir esq esq dir esq esq NÃO
Antiga e Barbuda raiz dir esq dir dir dir esq dir dir dir NÃO
Arábia Saudita raiz dir dir dir dir esq esq NÃO
Argélia raiz dir esq esq dir esq dir NÃO
Argentina raiz dir esq esq dir esq dir NÃO
Arménia raiz dir esq dir dir dir esq esq dir dir dir dir dir dir dir esq NÃO
Austrália raiz dir esq dir dir dir dir dir dir dir dir dir dir dir dir esq NÃO
Áustria raiz dir dir dir dir dir esq dir dir dir NÃO
Azerbaijão raiz dir esq dir dir dir dir esq dir NÃO
Bahamas raiz dir esq dir esq esq NÃO
Bangladexe raiz dir esq dir dir dir esq esq dir dir dir dir esq NÃO
Barbados raiz dir esq dir dir dir esq dir esq esq NÃO
Barém raiz dir esq dir dir dir esq dir esq esq NÃO
Bélgica raiz dir esq dir dir dir dir esq dir NÃO
Belize raiz dir esq dir dir esq NÃO
Benim raiz dir esq dir dir dir esq esq dir dir dir dir dir esq NÃO
Bielorrússia raiz dir esq dir dir esq NÃO
Bolívia raiz dir esq dir dir esq NÃO
Bósnia e Herzegovina raiz dir dir dir dir dir dir dir esq esq NÃO
Botsuana raiz dir esq dir dir dir esq dir dir dir NÃO
Brasil raiz esq esq NÃO
Brunei raiz dir esq dir dir dir dir dir dir dir dir dir dir dir dir dir esq dir NÃO
Bulgária raiz dir esq dir dir dir dir esq esq NÃO
Burquina Faso raiz dir esq dir dir dir dir dir dir dir dir dir dir dir dir dir esq dir NÃO
Burúndi raiz dir esq dir dir dir dir dir dir dir dir dir dir dir dir dir esq dir NÃO
Butão raiz dir esq dir dir dir dir dir dir dir dir dir dir dir dir dir esq dir NÃO
Cabo Verde raiz dir esq dir esq esq NÃO
Camarões raiz dir esq dir dir dir esq esq dir dir dir esq NÃO
Camboja raiz dir esq dir dir dir esq esq dir dir dir esq NÃO
Canadá raiz dir esq dir dir dir esq esq dir dir dir dir esq NÃO
Catar raiz dir esq dir dir dir esq dir dir dir NÃO
Cazaquistão raiz dir dir dir dir esq dir NÃO
Chade raiz esq dir dir NÃO
Chile raiz dir esq dir esq esq NÃO
China raiz dir esq dir esq esq NÃO
Chipre raiz dir esq dir esq esq NÃO
Colômbia raiz dir esq dir dir dir esq esq dir dir esq NÃO
Comores raiz dir esq dir dir dir esq esq dir dir dir dir dir dir dir esq NÃO
Congo-Brazzaville raiz dir esq dir dir dir esq esq dir dir dir dir dir dir dir esq NÃO
Coreia do Norte raiz dir esq dir dir dir esq dir esq esq NÃO
Coreia do Sul raiz dir esq dir dir dir esq dir esq esq NÃO
Cosovo raiz dir esq dir dir dir esq dir dir esq esq NÃO
Costa do Marfim raiz dir esq dir dir dir esq dir dir esq esq NÃO
Costa Rica raiz dir esq dir dir dir esq dir dir esq esq NÃO
Croácia raiz dir esq dir dir dir esq esq dir dir dir dir dir dir dir esq NÃO
Cuaite raiz dir esq dir dir dir dir dir dir esq esq NÃO
Cuba raiz dir esq dir dir dir dir dir dir esq esq NÃO
Dinamarca raiz dir esq dir dir dir esq esq dir dir dir dir dir esq NÃO
Dominica raiz dir esq dir dir dir esq esq dir dir dir dir dir dir dir dir dir NÃO
Egito raiz dir esq dir dir dir esq esq esq NÃO
Emirados Árabes Unidos raiz dir esq dir dir dir esq esq dir dir dir dir dir dir esq NÃO
Equador raiz dir esq dir dir dir dir dir dir dir dir dir dir dir dir dir esq esq NÃO
Eritreia raiz dir esq dir dir dir esq esq dir dir dir dir dir dir dir dir esq esq NÃO
Eslováquia raiz dir esq dir dir dir esq esq dir dir dir dir dir dir dir dir esq esq NÃO
Eslovénia raiz dir esq dir dir dir esq esq dir dir dir dir dir dir dir dir esq esq NÃO
Espanha raiz dir esq dir dir dir esq esq dir dir dir dir dir dir dir dir dir NÃO
Estado da Palestina raiz dir esq dir dir dir esq dir dir dir NÃO
Estados Unidos raiz dir esq dir dir dir esq dir dir dir NÃO
Estónia raiz dir esq dir dir dir esq dir dir dir NÃO
Etiópia raiz dir esq dir dir dir dir dir dir esq dir dir NÃO
Fiji raiz dir esq dir dir dir dir dir esq dir NÃO
Filipinas raiz dir esq dir dir dir dir dir esq dir NÃO
Finlândia raiz dir esq dir dir dir dir dir dir esq dir esq dir NÃO
França raiz esq dir dir NÃO
Gabão raiz dir esq dir dir dir dir dir esq esq NÃO
Gâmbia raiz dir esq dir dir dir dir dir dir dir dir dir dir dir dir dir dir NÃO
Gana raiz dir esq dir dir dir dir dir dir esq dir esq esq NÃO
Geórgia raiz dir dir dir dir dir dir dir dir NÃO
Granada raiz dir esq dir dir dir dir dir dir esq dir dir NÃO
Grécia raiz dir dir dir dir dir dir esq esq dir dir esq NÃO
Guatemala raiz dir esq dir dir dir dir dir dir esq dir dir NÃO
Guiana raiz dir esq dir dir dir dir dir dir esq dir dir NÃO
Guiné raiz dir esq dir dir dir dir dir dir esq dir dir NÃO
Guiné Equatorial raiz dir esq dir dir dir dir dir dir esq dir dir NÃO
Guiné-Bissau raiz dir esq dir dir dir dir dir dir esq dir dir NÃO
Haiti raiz dir esq dir dir dir dir dir esq esq NÃO
Honduras raiz dir esq dir dir dir dir dir dir esq dir esq dir NÃO
Hungria raiz dir esq dir dir dir dir dir dir esq dir dir NÃO
Iémen raiz dir esq dir dir dir dir dir dir dir dir dir dir dir dir dir dir NÃO
Ilhas Marechal raiz dir esq dir dir dir dir dir dir dir dir dir esq dir esq NÃO
Índia raiz dir dir dir dir dir dir dir dir NÃO
Indonésia raiz dir esq dir dir dir dir dir dir dir esq NÃO
Irão raiz dir dir dir dir dir dir esq esq esq NÃO
Iraque raiz dir esq dir dir dir dir dir dir dir dir dir esq esq NÃO
Irlanda raiz dir esq dir dir dir dir dir dir dir dir dir esq dir esq NÃO
Islândia raiz dir esq dir dir dir dir dir dir dir dir dir dir esq NÃO
Israel raiz dir esq dir dir dir dir dir dir dir dir dir dir esq NÃO
Itália raiz dir dir dir dir esq dir NÃO
Jamaica raiz dir esq dir dir dir dir dir dir dir dir dir dir dir esq esq esq NÃO
Japão raiz dir esq dir dir dir dir dir dir dir dir dir dir dir esq esq dir NÃO
Jibuti raiz dir esq dir dir dir dir dir dir dir dir dir dir dir dir dir esq dir NÃO
Jordânia raiz dir esq dir dir dir dir dir dir dir dir dir dir dir dir dir esq dir NÃO
Laus raiz dir esq dir dir dir dir dir dir dir dir dir dir dir dir dir dir NÃO
Lesoto raiz dir esq dir dir dir dir dir dir dir dir dir dir dir dir dir dir NÃO
Letónia raiz dir esq dir dir dir dir dir dir dir dir dir dir dir dir dir dir NÃO
Líbano raiz dir dir dir dir dir dir dir esq dir NÃO
Libéria raiz dir esq dir dir dir dir dir dir dir dir dir dir dir dir dir dir NÃO
Líbia raiz dir dir dir dir dir dir dir esq dir NÃO
Listenstaine raiz dir esq dir dir dir dir dir dir dir dir dir dir dir dir dir dir NÃO
Lituânia raiz dir esq dir dir dir dir dir dir dir dir dir dir dir dir dir dir NÃO
Luxemburgo raiz dir esq dir dir dir dir dir dir dir dir dir dir dir dir dir dir NÃO
Macedónia raiz dir esq dir dir dir dir dir dir dir dir dir dir dir esq dir NÃO
Madagáscar raiz dir esq dir dir dir dir dir dir dir dir dir dir dir esq dir NÃO
Malásia raiz dir esq dir dir dir dir dir dir dir dir dir dir dir esq dir NÃO
Maláui raiz dir esq dir dir dir dir dir dir dir dir dir dir dir esq dir NÃO
Maldivas raiz dir esq dir dir dir dir dir dir dir dir dir dir dir esq dir NÃO
Mali raiz dir esq dir dir dir dir dir dir dir dir dir dir dir esq dir NÃO
Malta raiz dir esq dir dir dir dir dir dir dir dir dir dir dir esq dir NÃO
Marrocos raiz dir esq dir dir dir dir dir dir dir dir dir dir dir esq dir NÃO
Maurícia raiz dir esq dir dir dir dir dir dir dir dir dir dir dir dir dir dir NÃO
Mauritânia raiz dir esq dir dir dir dir dir dir dir dir dir dir dir dir dir dir NÃO
México raiz dir esq dir dir dir dir dir dir dir dir dir dir dir dir dir dir NÃO
Mianmar raiz dir esq dir dir dir dir dir dir dir dir dir dir dir dir dir dir NÃO
Micronésia raiz dir esq dir dir dir dir dir dir dir dir dir dir dir dir dir dir NÃO
Moçambique raiz dir dir dir dir dir dir esq esq dir dir dir NÃO
Moldávia raiz dir esq dir dir dir dir dir dir dir dir dir dir dir dir dir dir NÃO
Mónaco raiz dir dir dir dir dir dir dir esq dir NÃO
Mongólia raiz dir esq dir dir dir dir dir dir dir dir dir dir dir dir dir dir NÃO
Montenegro raiz dir esq dir dir dir dir dir dir dir dir dir dir dir dir dir dir NÃO
Namíbia raiz dir dir esq esq dir NÃO
Nauru raiz dir dir dir esq dir dir NÃO
Nepal raiz dir dir esq dir esq dir NÃO
Nicarágua raiz dir dir esq esq esq esq NÃO
Níger raiz dir dir dir dir dir dir dir esq dir NÃO
Nigéria raiz dir dir esq esq esq esq NÃO
Noruega raiz dir dir esq dir dir dir esq NÃO
Nova Zelândia raiz dir dir dir dir dir dir esq esq dir esq NÃO
Omã raiz dir dir dir dir dir dir esq esq dir dir dir NÃO
Países Baixos raiz dir dir dir dir dir dir esq dir esq NÃO
Palau raiz dir dir esq esq esq dir NÃO
Panamá raiz dir dir esq dir esq esq NÃO
Papua Nova Guiné raiz dir dir esq dir esq esq NÃO
Paquistão raiz dir dir esq dir esq esq NÃO
Paraguai raiz dir dir esq dir esq esq NÃO
Peru raiz dir dir esq dir esq dir NÃO
Polónia raiz dir dir esq esq esq dir NÃO
Portugal raiz dir dir esq dir dir dir dir esq NÃO
Quénia raiz dir dir dir dir dir dir esq esq dir dir dir NÃO
Quirguistão raiz dir dir esq dir dir dir dir dir dir NÃO
Quiribáti raiz dir dir esq dir dir dir dir dir dir NÃO
Reino Unido raiz dir dir esq esq dir NÃO
República Centro-Africana raiz dir dir esq dir dir esq NÃO
República Democrática do Congo raiz dir dir esq dir dir esq NÃO
República Dominicana raiz dir dir esq dir dir esq NÃO
República Tcheca raiz dir dir esq dir dir esq NÃO
Roménia raiz dir dir esq esq dir NÃO
Ruanda raiz dir dir esq dir dir dir dir dir dir NÃO
Rússia raiz dir dir dir dir dir dir dir esq dir NÃO
Salomão raiz dir dir esq dir dir dir dir dir esq NÃO
Salvador raiz dir dir esq dir dir dir dir dir esq NÃO
Samoa raiz dir dir esq dir dir dir dir dir esq NÃO
Santa Lúcia raiz dir dir esq dir dir dir dir dir esq NÃO
São Cristóvão e Neves raiz dir dir esq dir dir dir dir dir dir NÃO
São Marinho raiz dir dir esq dir dir dir dir dir dir NÃO
São Tomé e Príncipe raiz dir dir esq dir dir dir dir dir dir NÃO
São Vicente e Granadinas raiz dir dir esq dir dir dir dir dir dir NÃO
Seicheles raiz dir dir esq dir dir dir dir dir esq NÃO
Senegal raiz dir dir esq dir dir dir dir dir esq NÃO
Serra Leoa raiz dir dir esq dir dir dir dir dir dir NÃO
Sérvia raiz dir dir esq dir dir dir dir dir dir NÃO
Singapura raiz dir dir esq dir dir dir dir dir dir NÃO
Síria raiz dir dir dir dir dir dir dir dir NÃO
Somália raiz dir dir esq dir dir dir dir dir dir NÃO
Sri Lanca raiz dir dir esq dir dir dir dir dir dir NÃO
Suazilândia raiz dir dir esq dir dir dir dir dir dir NÃO
Sudão raiz dir dir esq dir dir dir dir dir dir NÃO
Sudão do Sul raiz dir dir esq dir dir dir dir dir dir NÃO
Suécia raiz dir dir dir dir dir dir esq esq dir dir dir NÃO
Suíça raiz dir dir dir dir dir dir esq dir dir NÃO
Suriname raiz dir dir esq dir dir dir dir dir dir NÃO
Tailândia raiz dir dir dir esq esq dir NÃO
Taiuã raiz dir dir dir esq esq dir NÃO
Tajiquistão raiz dir dir dir esq dir esq NÃO
Tanzânia raiz dir dir dir esq dir esq NÃO
Timor-Leste raiz dir dir dir esq dir dir NÃO
Togo raiz dir dir dir esq esq esq NÃO
Tonga raiz dir dir dir esq dir dir NÃO
Trindade e Tobago raiz dir dir dir esq esq dir NÃO
Tunísia raiz dir dir dir dir dir esq esq esq NÃO
Turcomenistão raiz dir dir dir dir dir esq esq dir NÃO
Turquia raiz dir dir dir dir dir esq esq dir NÃO
Tuvalu raiz dir dir dir dir dir dir dir dir NÃO
Ucrânia raiz dir dir dir esq dir esq NÃO
Uganda raiz dir dir dir esq dir dir NÃO
Uruguai raiz dir dir dir esq dir dir NÃO
Usbequistão raiz dir dir dir dir dir esq dir dir dir NÃO
Vanuatu raiz dir dir dir dir dir esq dir dir esq NÃO
Vaticano raiz dir dir dir dir dir dir dir dir NÃO
Venezuela raiz dir dir dir dir dir esq dir dir esq NÃO
Vietname raiz dir dir dir dir dir esq dir dir dir NÃO
Zâmbia raiz dir dir dir dir dir dir dir dir NÃO
Zimbábue raiz dir dir dir dir dir esq dir dir dir NÃO
